2020/04/02 21:23:43 にビルドを開始しました。
     1>ノード 2 上のプロジェクト "C:\Users\ShimaLab\Desktop\API2020\timer\timer\timer.vcxproj" (build ターゲット)。
     1>InitializeBuildStatus:
         "AlwaysCreate" が指定されたため "Debug\timer.unsuccessfulbuild" を作成しています。
       ClCompile:
         c:\Program Files (x86)\Microsoft Visual Studio 10.0\VC\bin\CL.exe /c /ZI /nologo /W3 /WX- /Od /Oy- /D WIN32 /D _DEBUG /D _WINDOWS /D _UNICODE /D UNICODE /Gm /EHsc /RTC1 /MDd /GS /fp:precise /Zc:wchar_t /Zc:forScope /Fo"Debug\\" /Fd"Debug\vc100.pdb" /Gd /TP /analyze- /errorReport:prompt main.cpp
         main.cpp
     1>c:\users\shimalab\desktop\api2020\timer\timer\main.cpp(125): warning C4996: 'fopen': This function or variable may be unsafe. Consider using fopen_s instead. To disable deprecation, use _CRT_SECURE_NO_WARNINGS. See online help for details.
                 c:\program files (x86)\microsoft visual studio 10.0\vc\include\stdio.h(234) : 'fopen' の宣言を確認してください。
     1>c:\users\shimalab\desktop\api2020\timer\timer\main.cpp(142): warning C4996: 'fscanf': This function or variable may be unsafe. Consider using fscanf_s instead. To disable deprecation, use _CRT_SECURE_NO_WARNINGS. See online help for details.
                 c:\program files (x86)\microsoft visual studio 10.0\vc\include\stdio.h(253) : 'fscanf' の宣言を確認してください。
     1>c:\users\shimalab\desktop\api2020\timer\timer\main.cpp(150): warning C4996: '_gcvt': This function or variable may be unsafe. Consider using _gcvt_s instead. To disable deprecation, use _CRT_SECURE_NO_WARNINGS. See online help for details.
                 c:\program files (x86)\microsoft visual studio 10.0\vc\include\stdlib.h(729) : '_gcvt' の宣言を確認してください。
     1>c:\users\shimalab\desktop\api2020\timer\timer\main.cpp(165): warning C4996: '_itoa': This function or variable may be unsafe. Consider using _itoa_s instead. To disable deprecation, use _CRT_SECURE_NO_WARNINGS. See online help for details.
                 c:\program files (x86)\microsoft visual studio 10.0\vc\include\stdlib.h(451) : '_itoa' の宣言を確認してください。
     1>c:\users\shimalab\desktop\api2020\timer\timer\main.cpp(174): warning C4996: 'itoa': The POSIX name for this item is deprecated. Instead, use the ISO C++ conformant name: _itoa. See online help for details.
                 c:\program files (x86)\microsoft visual studio 10.0\vc\include\stdlib.h(867) : 'itoa' の宣言を確認してください。
     1>c:\users\shimalab\desktop\api2020\timer\timer\main.cpp(177): warning C4996: 'itoa': The POSIX name for this item is deprecated. Instead, use the ISO C++ conformant name: _itoa. See online help for details.
                 c:\program files (x86)\microsoft visual studio 10.0\vc\include\stdlib.h(867) : 'itoa' の宣言を確認してください。
       ResourceCompile:
         C:\Program Files (x86)\Microsoft SDKs\Windows\v7.0A\bin\rc.exe /D _UNICODE /D UNICODE /l"0x0409" /nologo /fo"Debug\dia.res" dia.rc 
       ManifestResourceCompile:
         C:\Program Files (x86)\Microsoft SDKs\Windows\v7.0A\bin\rc.exe /nologo /fo"Debug\timer.exe.embed.manifest.res" Debug\timer_manifest.rc 
       Link:
         c:\Program Files (x86)\Microsoft Visual Studio 10.0\VC\bin\link.exe /ERRORREPORT:PROMPT /OUT:"C:\Users\ShimaLab\Desktop\API2020\timer\Debug\timer.exe" /INCREMENTAL /NOLOGO kernel32.lib user32.lib gdi32.lib winspool.lib comdlg32.lib advapi32.lib shell32.lib ole32.lib oleaut32.lib uuid.lib odbc32.lib odbccp32.lib /MANIFEST /ManifestFile:"Debug\timer.exe.intermediate.manifest" /MANIFESTUAC:"level='asInvoker' uiAccess='false'" /DEBUG /PDB:"C:\Users\ShimaLab\Desktop\API2020\timer\Debug\timer.pdb" /SUBSYSTEM:WINDOWS /TLBID:1 /DYNAMICBASE /NXCOMPAT /IMPLIB:"C:\Users\ShimaLab\Desktop\API2020\timer\Debug\timer.lib" /MACHINE:X86 Debug\dia.res
         Debug\timer.exe.embed.manifest.res
         Debug\main.obj
       Manifest:
         C:\Program Files (x86)\Microsoft SDKs\Windows\v7.0A\bin\mt.exe /nologo /verbose /out:"Debug\timer.exe.embed.manifest" /manifest Debug\timer.exe.intermediate.manifest
         すべての出力が最新のものです。
       LinkEmbedManifest:
         すべての出力が最新のものです。
         timer.vcxproj -> C:\Users\ShimaLab\Desktop\API2020\timer\Debug\timer.exe
       FinalizeBuildStatus:
         ファイル "Debug\timer.unsuccessfulbuild" を削除しています。
         "Debug\timer.lastbuildstate" のタッチ タスクを実行しています。
     1>プロジェクト "C:\Users\ShimaLab\Desktop\API2020\timer\timer\timer.vcxproj" (build ターゲット) のビルドが完了しました。

ビルドに成功しました。

経過時間 00:00:01.97
